Arguments: 
  /opt/homebrew/Cellar/node/18.6.0/bin/node /opt/homebrew/bin/yarn add -D nodemon

PATH: 
  /Users/mochi/.goenv/shims:/Users/mochi/.goenv/bin:/Users/mochi/repos/scripts/scripts:/opt/homebrew/bin:/opt/homebrew/sbin:/usr/local/bin:/usr/bin:/bin:/usr/sbin:/sbin:/Library/Apple/usr/bin

Yarn version: 
  1.22.19

Node version: 
  18.6.0

Platform: 
  darwin arm64

Trace: 
  SyntaxError: /Users/mochi/repos/jstest/node-server/package.json: Unexpected token / in JSON at position 21
      at JSON.parse (<anonymous>)
      at /opt/homebrew/lib/node_modules/yarn/lib/cli.js:1629:59
      at Generator.next (<anonymous>)
      at step (/opt/homebrew/lib/node_modules/yarn/lib/cli.js:310:30)
      at /opt/homebrew/lib/node_modules/yarn/lib/cli.js:321:13

npm manifest: 
  {
    "scripts": {
      // "start": "nodaemon ts-node "
    },
    "dependencies": {
      "@tsconfig/recommended": "^1.0.1",
      "@types/express": "^4.17.13",
      "express": "^4.18.1",
      "ts-loader": "^9.3.1",
      "typescript": "^4.8.3",
      "@types/node": "^18.7.16"
    },
    "devDependencies": {
    }
  }

yarn manifest: 
  No manifest

Lockfile: 
  # THIS IS AN AUTOGENERATED FILE. DO NOT EDIT THIS FILE DIRECTLY.
  # yarn lockfile v1
  
  
  "@jridgewell/gen-mapping@^0.3.0":
    "integrity" "sha512-mh65xKQAzI6iBcFzwv28KVWSmCkdRBWoOh+bYQGW3+6OZvbbN3TqMGo5hqYxQniRcH9F2VZIoJCm4pa3BPDK/A=="
    "resolved" "https://registry.npmjs.org/@jridgewell/gen-mapping/-/gen-mapping-0.3.2.tgz"
    "version" "0.3.2"
    dependencies:
      "@jridgewell/set-array" "^1.0.1"
      "@jridgewell/sourcemap-codec" "^1.4.10"
      "@jridgewell/trace-mapping" "^0.3.9"
  
  "@jridgewell/resolve-uri@^3.0.3":
    "integrity" "sha512-F2msla3tad+Mfht5cJq7LSXcdudKTWCVYUgw6pLFOOHSTtZlj6SWNYAp+AhuqLmWdBO2X5hPrLcu8cVP8fy28w=="
    "resolved" "https://registry.npmjs.org/@jridgewell/resolve-uri/-/resolve-uri-3.1.0.tgz"
    "version" "3.1.0"
  
  "@jridgewell/set-array@^1.0.1":
    "integrity" "sha512-xnkseuNADM0gt2bs+BvhO0p78Mk762YnZdsuzFV018NoG1Sj1SCQvpSqa7XUaTam5vAGasABV9qXASMKnFMwMw=="
    "resolved" "https://registry.npmjs.org/@jridgewell/set-array/-/set-array-1.1.2.tgz"
    "version" "1.1.2"
  
  "@jridgewell/source-map@^0.3.2":
    "integrity" "sha512-m7O9o2uR8k2ObDysZYzdfhb08VuEml5oWGiosa1VdaPZ/A6QyPkAJuwN0Q1lhULOf6B7MtQmHENS743hWtCrgw=="
    "resolved" "https://registry.npmjs.org/@jridgewell/source-map/-/source-map-0.3.2.tgz"
    "version" "0.3.2"
    dependencies:
      "@jridgewell/gen-mapping" "^0.3.0"
      "@jridgewell/trace-mapping" "^0.3.9"
  
  "@jridgewell/sourcemap-codec@^1.4.10":
    "integrity" "sha512-XPSJHWmi394fuUuzDnGz1wiKqWfo1yXecHQMRf2l6hztTO+nPru658AyDngaBe7isIxEkRsPR3FZh+s7iVa4Uw=="
    "resolved" "https://registry.npmjs.org/@jridgewell/sourcemap-codec/-/sourcemap-codec-1.4.14.tgz"
    "version" "1.4.14"
  
  "@jridgewell/trace-mapping@^0.3.14", "@jridgewell/trace-mapping@^0.3.9":
    "integrity" "sha512-oWZNOULl+UbhsgB51uuZzglikfIKSUBO/M9W2OfEjn7cmqoAiCgmv9lyACTUacZwBz0ITnJ2NqjU8Tx0DHL88g=="
    "resolved" "https://registry.npmjs.org/@jridgewell/trace-mapping/-/trace-mapping-0.3.15.tgz"
    "version" "0.3.15"
    dependencies:
      "@jridgewell/resolve-uri" "^3.0.3"
      "@jridgewell/sourcemap-codec" "^1.4.10"
  
  "@tsconfig/recommended@^1.0.1":
    "integrity" "sha512-2xN+iGTbPBEzGSnVp/Hd64vKJCJWxsi9gfs88x4PPMyEjHJoA3o5BY9r5OLPHIZU2pAQxkSAsJFqn6itClP8mQ=="
    "resolved" "https://registry.npmjs.org/@tsconfig/recommended/-/recommended-1.0.1.tgz"
    "version" "1.0.1"
  
  "@types/body-parser@*":
    "integrity" "sha512-ALYone6pm6QmwZoAgeyNksccT9Q4AWZQ6PvfwR37GT6r6FWUPguq6sUmNGSMV2Wr761oQoBxwGGa6DR5o1DC9g=="
    "resolved" "https://registry.npmjs.org/@types/body-parser/-/body-parser-1.19.2.tgz"
    "version" "1.19.2"
    dependencies:
      "@types/connect" "*"
      "@types/node" "*"
  
  "@types/connect@*":
    "integrity" "sha512-cdeYyv4KWoEgpBISTxWvqYsVy444DOqehiF3fM3ne10AmJ62RSyNkUnxMJXHQWRQQX2eR94m5y1IZyDwBjV9FQ=="
    "resolved" "https://registry.npmjs.org/@types/connect/-/connect-3.4.35.tgz"
    "version" "3.4.35"
    dependencies:
      "@types/node" "*"
  
  "@types/eslint-scope@^3.7.3":
    "integrity" "sha512-9K4zoImiZc3HlIp6AVUDE4CWYx22a+lhSZMYNpbjW04+YF0KWj4pJXnEMjdnFTiQibFFmElcsasJXDbdI/EPhA=="
    "resolved" "https://registry.npmjs.org/@types/eslint-scope/-/eslint-scope-3.7.4.tgz"
    "version" "3.7.4"
    dependencies:
      "@types/eslint" "*"
      "@types/estree" "*"
  
  "@types/eslint@*":
    "integrity" "sha512-/fqTbjxyFUaYNO7VcW5g+4npmqVACz1bB7RTHYuLj+PRjw9hrCwrUXVQFpChUS0JsyEFvMZ7U/PfmvWgxJhI9g=="
    "resolved" "https://registry.npmjs.org/@types/eslint/-/eslint-8.4.6.tgz"
    "version" "8.4.6"
    dependencies:
      "@types/estree" "*"
      "@types/json-schema" "*"
  
  "@types/estree@*", "@types/estree@^0.0.51":
    "integrity" "sha512-CuPgU6f3eT/XgKKPqKd/gLZV1Xmvf1a2R5POBOGQa6uv82xpls89HU5zKeVoyR8XzHd1RGNOlQlvUe3CFkjWNQ=="
    "resolved" "https://registry.npmjs.org/@types/estree/-/estree-0.0.51.tgz"
    "version" "0.0.51"
  
  "@types/express-serve-static-core@^4.17.18":
    "integrity" "sha512-gstzbTWro2/nFed1WXtf+TtrpwxH7Ggs4RLYTLbeVgIkUQOI3WG/JKjgeOU1zXDvezllupjrf8OPIdvTbIaVOQ=="
    "resolved" "https://registry.npmjs.org/@types/express-serve-static-core/-/express-serve-static-core-4.17.30.tgz"
    "version" "4.17.30"
    dependencies:
      "@types/node" "*"
      "@types/qs" "*"
      "@types/range-parser" "*"
  
  "@types/express@^4.17.13":
    "integrity" "sha512-6bSZTPaTIACxn48l50SR+axgrqm6qXFIxrdAKaG6PaJk3+zuUr35hBlgT7vOmJcum+OEaIBLtHV/qloEAFITeA=="
    "resolved" "https://registry.npmjs.org/@types/express/-/express-4.17.13.tgz"
    "version" "4.17.13"
    dependencies:
      "@types/body-parser" "*"
      "@types/express-serve-static-core" "^4.17.18"
      "@types/qs" "*"
      "@types/serve-static" "*"
  
  "@types/json-schema@*", "@types/json-schema@^7.0.8":
    "integrity" "sha512-wOuvG1SN4Us4rez+tylwwwCV1psiNVOkJeM3AUWUNWg/jDQY2+HE/444y5gc+jBmRqASOm2Oeh5c1axHobwRKQ=="
    "resolved" "https://registry.npmjs.org/@types/json-schema/-/json-schema-7.0.11.tgz"
    "version" "7.0.11"
  
  "@types/mime@*":
    "integrity" "sha512-Y4XFY5VJAuw0FgAqPNd6NNoV44jbq9Bz2L7Rh/J6jLTiHBSBJa9fxqQIvkIld4GsoDOcCbvzOUAbLPsSKKg+uA=="
    "resolved" "https://registry.npmjs.org/@types/mime/-/mime-3.0.1.tgz"
    "version" "3.0.1"
  
  "@types/node@*", "@types/node@^18.7.16":
    "integrity" "sha512-EQHhixfu+mkqHMZl1R2Ovuvn47PUw18azMJOTwSZr9/fhzHNGXAJ0ma0dayRVchprpCj0Kc1K1xKoWaATWF1qg=="
    "resolved" "https://registry.npmjs.org/@types/node/-/node-18.7.16.tgz"
    "version" "18.7.16"
  
  "@types/qs@*":
    "integrity" "sha512-FGa1F62FT09qcrueBA6qYTrJPVDzah9a+493+o2PCXsesWHIn27G98TsSMs3WPNbZIEj4+VJf6saSFpvD+3Zsw=="
    "resolved" "https://registry.npmjs.org/@types/qs/-/qs-6.9.7.tgz"
    "version" "6.9.7"
  
  "@types/range-parser@*":
    "integrity" "sha512-EEhsLsD6UsDM1yFhAvy0Cjr6VwmpMWqFBCb9w07wVugF7w9nfajxLuVmngTIpgS6svCnm6Vaw+MZhoDCKnOfsw=="
    "resolved" "https://registry.npmjs.org/@types/range-parser/-/range-parser-1.2.4.tgz"
    "version" "1.2.4"
  
  "@types/serve-static@*":
    "integrity" "sha512-z5xyF6uh8CbjAu9760KDKsH2FcDxZ2tFCsA4HIMWE6IkiYMXfVoa+4f9KX+FN0ZLsaMw1WNG2ETLA6N+/YA+cg=="
    "resolved" "https://registry.npmjs.org/@types/serve-static/-/serve-static-1.15.0.tgz"
    "version" "1.15.0"
    dependencies:
      "@types/mime" "*"
      "@types/node" "*"
  
  "@webassemblyjs/ast@1.11.1":
    "integrity" "sha512-ukBh14qFLjxTQNTXocdyksN5QdM28S1CxHt2rdskFyL+xFV7VremuBLVbmCePj+URalXBENx/9Lm7lnhihtCSw=="
    "resolved" "https://registry.npmjs.org/@webassemblyjs/ast/-/ast-1.11.1.tgz"
    "version" "1.11.1"
    dependencies:
      "@webassemblyjs/helper-numbers" "1.11.1"
      "@webassemblyjs/helper-wasm-bytecode" "1.11.1"
  
  "@webassemblyjs/floating-point-hex-parser@1.11.1":
    "integrity" "sha512-iGRfyc5Bq+NnNuX8b5hwBrRjzf0ocrJPI6GWFodBFzmFnyvrQ83SHKhmilCU/8Jv67i4GJZBMhEzltxzcNagtQ=="
    "resolved" "https://registry.npmjs.org/@webassemblyjs/floating-point-hex-parser/-/floating-point-hex-parser-1.11.1.tgz"
    "version" "1.11.1"
  
  "@webassemblyjs/helper-api-error@1.11.1":
    "integrity" "sha512-RlhS8CBCXfRUR/cwo2ho9bkheSXG0+NwooXcc3PAILALf2QLdFyj7KGsKRbVc95hZnhnERon4kW/D3SZpp6Tcg=="
    "resolved" "https://registry.npmjs.org/@webassemblyjs/helper-api-error/-/helper-api-error-1.11.1.tgz"
    "version" "1.11.1"
  
  "@webassemblyjs/helper-buffer@1.11.1":
    "integrity" "sha512-gwikF65aDNeeXa8JxXa2BAk+REjSyhrNC9ZwdT0f8jc4dQQeDQ7G4m0f2QCLPJiMTTO6wfDmRmj/pW0PsUvIcA=="
    "resolved" "https://registry.npmjs.org/@webassemblyjs/helper-buffer/-/helper-buffer-1.11.1.tgz"
    "version" "1.11.1"
  
  "@webassemblyjs/helper-numbers@1.11.1":
    "integrity" "sha512-vDkbxiB8zfnPdNK9Rajcey5C0w+QJugEglN0of+kmO8l7lDb77AnlKYQF7aarZuCrv+l0UvqL+68gSDr3k9LPQ=="
    "resolved" "https://registry.npmjs.org/@webassemblyjs/helper-numbers/-/helper-numbers-1.11.1.tgz"
    "version" "1.11.1"
    dependencies:
      "@webassemblyjs/floating-point-hex-parser" "1.11.1"
      "@webassemblyjs/helper-api-error" "1.11.1"
      "@xtuc/long" "4.2.2"
  
  "@webassemblyjs/helper-wasm-bytecode@1.11.1":
    "integrity" "sha512-PvpoOGiJwXeTrSf/qfudJhwlvDQxFgelbMqtq52WWiXC6Xgg1IREdngmPN3bs4RoO83PnL/nFrxucXj1+BX62Q=="
    "resolved" "https://registry.npmjs.org/@webassemblyjs/helper-wasm-bytecode/-/helper-wasm-bytecode-1.11.1.tgz"
    "version" "1.11.1"
  
  "@webassemblyjs/helper-wasm-section@1.11.1":
    "integrity" "sha512-10P9No29rYX1j7F3EVPX3JvGPQPae+AomuSTPiF9eBQeChHI6iqjMIwR9JmOJXwpnn/oVGDk7I5IlskuMwU/pg=="
    "resolved" "https://registry.npmjs.org/@webassemblyjs/helper-wasm-section/-/helper-wasm-section-1.11.1.tgz"
    "version" "1.11.1"
    dependencies:
      "@webassemblyjs/ast" "1.11.1"
      "@webassemblyjs/helper-buffer" "1.11.1"
      "@webassemblyjs/helper-wasm-bytecode" "1.11.1"
      "@webassemblyjs/wasm-gen" "1.11.1"
  
  "@webassemblyjs/ieee754@1.11.1":
    "integrity" "sha512-hJ87QIPtAMKbFq6CGTkZYJivEwZDbQUgYd3qKSadTNOhVY7p+gfP6Sr0lLRVTaG1JjFj+r3YchoqRYxNH3M0GQ=="
    "resolved" "https://registry.npmjs.org/@webassemblyjs/ieee754/-/ieee754-1.11.1.tgz"
    "version" "1.11.1"
    dependencies:
      "@xtuc/ieee754" "^1.2.0"
  
  "@webassemblyjs/leb128@1.11.1":
    "integrity" "sha512-BJ2P0hNZ0u+Th1YZXJpzW6miwqQUGcIHT1G/sf72gLVD9DZ5AdYTqPNbHZh6K1M5VmKvFXwGSWZADz+qBWxeRw=="
    "resolved" "https://registry.npmjs.org/@webassemblyjs/leb128/-/leb128-1.11.1.tgz"
    "version" "1.11.1"
    dependencies:
      "@xtuc/long" "4.2.2"
  
  "@webassemblyjs/utf8@1.11.1":
    "integrity" "sha512-9kqcxAEdMhiwQkHpkNiorZzqpGrodQQ2IGrHHxCy+Ozng0ofyMA0lTqiLkVs1uzTRejX+/O0EOT7KxqVPuXosQ=="
    "resolved" "https://registry.npmjs.org/@webassemblyjs/utf8/-/utf8-1.11.1.tgz"
    "version" "1.11.1"
  
  "@webassemblyjs/wasm-edit@1.11.1":
    "integrity" "sha512-g+RsupUC1aTHfR8CDgnsVRVZFJqdkFHpsHMfJuWQzWU3tvnLC07UqHICfP+4XyL2tnr1amvl1Sdp06TnYCmVkA=="
    "resolved" "https://registry.npmjs.org/@webassemblyjs/wasm-edit/-/wasm-edit-1.11.1.tgz"
    "version" "1.11.1"
    dependencies:
      "@webassemblyjs/ast" "1.11.1"
      "@webassemblyjs/helper-buffer" "1.11.1"
      "@webassemblyjs/helper-wasm-bytecode" "1.11.1"
      "@webassemblyjs/helper-wasm-section" "1.11.1"
      "@webassemblyjs/wasm-gen" "1.11.1"
      "@webassemblyjs/wasm-opt" "1.11.1"
      "@webassemblyjs/wasm-parser" "1.11.1"
      "@webassemblyjs/wast-printer" "1.11.1"
  
  "@webassemblyjs/wasm-gen@1.11.1":
    "integrity" "sha512-F7QqKXwwNlMmsulj6+O7r4mmtAlCWfO/0HdgOxSklZfQcDu0TpLiD1mRt/zF25Bk59FIjEuGAIyn5ei4yMfLhA=="
    "resolved" "https://registry.npmjs.org/@webassemblyjs/wasm-gen/-/wasm-gen-1.11.1.tgz"
    "version" "1.11.1"
    dependencies:
      "@webassemblyjs/ast" "1.11.1"
      "@webassemblyjs/helper-wasm-bytecode" "1.11.1"
      "@webassemblyjs/ieee754" "1.11.1"
      "@webassemblyjs/leb128" "1.11.1"
      "@webassemblyjs/utf8" "1.11.1"
  
  "@webassemblyjs/wasm-opt@1.11.1":
    "integrity" "sha512-VqnkNqnZlU5EB64pp1l7hdm3hmQw7Vgqa0KF/KCNO9sIpI6Fk6brDEiX+iCOYrvMuBWDws0NkTOxYEb85XQHHw=="
    "resolved" "https://registry.npmjs.org/@webassemblyjs/wasm-opt/-/wasm-opt-1.11.1.tgz"
    "version" "1.11.1"
    dependencies:
      "@webassemblyjs/ast" "1.11.1"
      "@webassemblyjs/helper-buffer" "1.11.1"
      "@webassemblyjs/wasm-gen" "1.11.1"
      "@webassemblyjs/wasm-parser" "1.11.1"
  
  "@webassemblyjs/wasm-parser@1.11.1":
    "integrity" "sha512-rrBujw+dJu32gYB7/Lup6UhdkPx9S9SnobZzRVL7VcBH9Bt9bCBLEuX/YXOOtBsOZ4NQrRykKhffRWHvigQvOA=="
    "resolved" "https://registry.npmjs.org/@webassemblyjs/wasm-parser/-/wasm-parser-1.11.1.tgz"
    "version" "1.11.1"
    dependencies:
      "@webassemblyjs/ast" "1.11.1"
      "@webassemblyjs/helper-api-error" "1.11.1"
      "@webassemblyjs/helper-wasm-bytecode" "1.11.1"
      "@webassemblyjs/ieee754" "1.11.1"
      "@webassemblyjs/leb128" "1.11.1"
      "@webassemblyjs/utf8" "1.11.1"
  
  "@webassemblyjs/wast-printer@1.11.1":
    "integrity" "sha512-IQboUWM4eKzWW+N/jij2sRatKMh99QEelo3Eb2q0qXkvPRISAj8Qxtmw5itwqK+TTkBuUIE45AxYPToqPtL5gg=="
    "resolved" "https://registry.npmjs.org/@webassemblyjs/wast-printer/-/wast-printer-1.11.1.tgz"
    "version" "1.11.1"
    dependencies:
      "@webassemblyjs/ast" "1.11.1"
      "@xtuc/long" "4.2.2"
  
  "@xtuc/ieee754@^1.2.0":
    "integrity" "sha512-DX8nKgqcGwsc0eJSqYt5lwP4DH5FlHnmuWWBRy7X0NcaGR0ZtuyeESgMwTYVEtxmsNGY+qit4QYT/MIYTOTPeA=="
    "resolved" "https://registry.npmjs.org/@xtuc/ieee754/-/ieee754-1.2.0.tgz"
    "version" "1.2.0"
  
  "@xtuc/long@4.2.2":
    "integrity" "sha512-NuHqBY1PB/D8xU6s/thBgOAiAP7HOYDQ32+BFZILJ8ivkUkAHQnWfn6WhL79Owj1qmUnoN/YPhktdIoucipkAQ=="
    "resolved" "https://registry.npmjs.org/@xtuc/long/-/long-4.2.2.tgz"
    "version" "4.2.2"
  
  "accepts@~1.3.8":
    "integrity" "sha512-PYAthTa2m2VKxuvSD3DPC/Gy+U+sOA1LAuT8mkmRuvw+NACSaeXEQ+NHcVF7rONl6qcaxV3Uuemwawk+7+SJLw=="
    "resolved" "https://registry.npmjs.org/accepts/-/accepts-1.3.8.tgz"
    "version" "1.3.8"
    dependencies:
      "mime-types" "~2.1.34"
      "negotiator" "0.6.3"
  
  "acorn-import-assertions@^1.7.6":
    "integrity" "sha512-m7VZ3jwz4eK6A4Vtt8Ew1/mNbP24u0FhdyfA7fSvnJR6LMdfOYnmuIrrJAgrYfYJ10F/otaHTtrtrtmHdMNzEw=="
    "resolved" "https://registry.npmjs.org/acorn-import-assertions/-/acorn-import-assertions-1.8.0.tgz"
    "version" "1.8.0"
  
  "acorn@^8", "acorn@^8.5.0", "acorn@^8.7.1":
    "integrity" "sha512-QOxyigPVrpZ2GXT+PFyZTl6TtOFc5egxHIP9IlQ+RbupQuX4RkT/Bee4/kQuC02Xkzg84JcT7oLYtDIQxp+v7w=="
    "resolved" "https://registry.npmjs.org/acorn/-/acorn-8.8.0.tgz"
    "version" "8.8.0"
  
  "ajv-keywords@^3.5.2":
    "integrity" "sha512-5p6WTN0DdTGVQk6VjcEju19IgaHudalcfabD7yhDGeA6bcQnmL+CpveLJq/3hvfwd1aof6L386Ougkx6RfyMIQ=="
    "resolved" "https://registry.npmjs.org/ajv-keywords/-/ajv-keywords-3.5.2.tgz"
    "version" "3.5.2"
  
  "ajv@^6.12.5", "ajv@^6.9.1":
    "integrity" "sha512-j3fVLgvTo527anyYyJOGTYJbG+vnnQYvE0m5mmkc1TK+nxAppkCLMIL0aZ4dblVCNoGShhm+kzE4ZUykBoMg4g=="
    "resolved" "https://registry.npmjs.org/ajv/-/ajv-6.12.6.tgz"
    "version" "6.12.6"
    dependencies:
      "fast-deep-equal" "^3.1.1"
      "fast-json-stable-stringify" "^2.0.0"
      "json-schema-traverse" "^0.4.1"
      "uri-js" "^4.2.2"
  
  "ansi-styles@^4.1.0":
    "integrity" "sha512-zbB9rCJAT1rbjiVDb2hqKFHNYLxgtk8NURxZ3IZwD3F6NtxbXZQCnnSi1Lkx+IDohdPlFp222wVALIheZJQSEg=="
    "resolved" "https://registry.npmjs.org/ansi-styles/-/ansi-styles-4.3.0.tgz"
    "version" "4.3.0"
    dependencies:
      "color-convert" "^2.0.1"
  
  "array-flatten@1.1.1":
    "integrity" "sha512-PCVAQswWemu6UdxsDFFX/+gVeYqKAod3D3UVm91jHwynguOwAvYPhx8nNlM++NqRcK6CxxpUafjmhIdKiHibqg=="
    "resolved" "https://registry.npmjs.org/array-flatten/-/array-flatten-1.1.1.tgz"
    "version" "1.1.1"
  
  "body-parser@1.20.0":
    "integrity" "sha512-DfJ+q6EPcGKZD1QWUjSpqp+Q7bDQTsQIF4zfUAtZ6qk+H/3/QRhg9CEp39ss+/T2vw0+HaidC0ecJj/DRLIaKg=="
    "resolved" "https://registry.npmjs.org/body-parser/-/body-parser-1.20.0.tgz"
    "version" "1.20.0"
    dependencies:
      "bytes" "3.1.2"
      "content-type" "~1.0.4"
      "debug" "2.6.9"
      "depd" "2.0.0"
      "destroy" "1.2.0"
      "http-errors" "2.0.0"
      "iconv-lite" "0.4.24"
      "on-finished" "2.4.1"
      "qs" "6.10.3"
      "raw-body" "2.5.1"
      "type-is" "~1.6.18"
      "unpipe" "1.0.0"
  
  "braces@^3.0.2":
    "integrity" "sha512-b8um+L1RzM3WDSzvhm6gIz1yfTbBt6YTlcEKAvsmqCZZFw46z626lVj9j1yEPW33H5H+lBQpZMP1k8l+78Ha0A=="
    "resolved" "https://registry.npmjs.org/braces/-/braces-3.0.2.tgz"
    "version" "3.0.2"
    dependencies:
      "fill-range" "^7.0.1"
  
  "browserslist@^4.14.5", "browserslist@>= 4.21.0":
    "integrity" "sha512-898rgRXLAyRkM1GryrrBHGkqA5hlpkV5MhtZwg9QXeiyLUYs2k00Un05aX5l2/yJIOObYKOpS2JNo8nJDE7fWQ=="
    "resolved" "https://registry.npmjs.org/browserslist/-/browserslist-4.21.3.tgz"
    "version" "4.21.3"
    dependencies:
      "caniuse-lite" "^1.0.30001370"
      "electron-to-chromium" "^1.4.202"
      "node-releases" "^2.0.6"
      "update-browserslist-db" "^1.0.5"
  
  "buffer-from@^1.0.0":
    "integrity" "sha512-E+XQCRwSbaaiChtv6k6Dwgc+bx+Bs6vuKJHHl5kox/BaKbhiXzqQOwK4cO22yElGp2OCmjwVhT3HmxgyPGnJfQ=="
    "resolved" "https://registry.npmjs.org/buffer-from/-/buffer-from-1.1.2.tgz"
    "version" "1.1.2"
  
  "bytes@3.1.2":
    "integrity" "sha512-/Nf7TyzTx6S3yRJObOAV7956r8cr2+Oj8AC5dt8wSP3BQAoeX58NoHyCU8P8zGkNXStjTSi6fzO6F0pBdcYbEg=="
    "resolved" "https://registry.npmjs.org/bytes/-/bytes-3.1.2.tgz"
    "version" "3.1.2"
  
  "call-bind@^1.0.0":
    "integrity" "sha512-7O+FbCihrB5WGbFYesctwmTKae6rOiIzmz1icreWJ+0aA7LJfuqhEso2T9ncpcFtzMQtzXf2QGGueWJGTYsqrA=="
    "resolved" "https://registry.npmjs.org/call-bind/-/call-bind-1.0.2.tgz"
    "version" "1.0.2"
    dependencies:
      "function-bind" "^1.1.1"
      "get-intrinsic" "^1.0.2"
  
  "caniuse-lite@^1.0.30001370":
    "integrity" "sha512-N/od11RX+Gsk+1qY/jbPa0R6zJupEa0lxeBG598EbrtblxVCTJsQwbRBm6+V+rxpc5lHKdsXb9RY83cZIPLseA=="
    "resolved" "https://registry.npmjs.org/caniuse-lite/-/caniuse-lite-1.0.30001393.tgz"
    "version" "1.0.30001393"
  
  "chalk@^4.1.0":
    "integrity" "sha512-oKnbhFyRIXpUuez8iBMmyEa4nbj4IOQyuhc/wy9kY7/WVPcwIO9VA668Pu8RkO7+0G76SLROeyw9CpQ061i4mA=="
    "resolved" "https://registry.npmjs.org/chalk/-/chalk-4.1.2.tgz"
    "version" "4.1.2"
    dependencies:
      "ansi-styles" "^4.1.0"
      "supports-color" "^7.1.0"
  
  "chrome-trace-event@^1.0.2":
    "integrity" "sha512-p3KULyQg4S7NIHixdwbGX+nFHkoBiA4YQmyWtjb8XngSKV124nJmRysgAeujbUVb15vh+RvFUfCPqU7rXk+hZg=="
    "resolved" "https://registry.npmjs.org/chrome-trace-event/-/chrome-trace-event-1.0.3.tgz"
    "version" "1.0.3"
  
  "color-convert@^2.0.1":
    "integrity" "sha512-RRECPsj7iu/xb5oKYcsFHSppFNnsj/52OVTRKb4zP5onXwVF3zVmmToNcOfGC+CRDpfK/U584fMg38ZHCaElKQ=="
    "resolved" "https://registry.npmjs.org/color-convert/-/color-convert-2.0.1.tgz"
    "version" "2.0.1"
    dependencies:
      "color-name" "~1.1.4"
  
  "color-name@~1.1.4":
    "integrity" "sha512-dOy+3AuW3a2wNbZHIuMZpTcgjGuLU/uBL/ubcZF9OXbDo8ff4O8yVp5Bf0efS8uEoYo5q4Fx7dY9OgQGXgAsQA=="
    "resolved" "https://registry.npmjs.org/color-name/-/color-name-1.1.4.tgz"
    "version" "1.1.4"
  
  "commander@^2.20.0":
    "integrity" "sha512-GpVkmM8vF2vQUkj2LvZmD35JxeJOLCwJ9cUkugyk2nuhbv3+mJvpLYYt+0+USMxE+oj+ey/lJEnhZw75x/OMcQ=="
    "resolved" "https://registry.npmjs.org/commander/-/commander-2.20.3.tgz"
    "version" "2.20.3"
  
  "content-disposition@0.5.4":
    "integrity" "sha512-FveZTNuGw04cxlAiWbzi6zTAL/lhehaWbTtgluJh4/E95DqMwTmha3KZN1aAWA8cFIhHzMZUvLevkw5Rqk+tSQ=="
    "resolved" "https://registry.npmjs.org/content-disposition/-/content-disposition-0.5.4.tgz"
    "version" "0.5.4"
    dependencies:
      "safe-buffer" "5.2.1"
  
  "content-type@~1.0.4":
    "integrity" "sha512-hIP3EEPs8tB9AT1L+NUqtwOAps4mk2Zob89MWXMHjHWg9milF/j4osnnQLXBCBFBk/tvIG/tUc9mOUJiPBhPXA=="
    "resolved" "https://registry.npmjs.org/content-type/-/content-type-1.0.4.tgz"
    "version" "1.0.4"
  
  "cookie-signature@1.0.6":
    "integrity" "sha512-QADzlaHc8icV8I7vbaJXJwod9HWYp8uCqf1xa4OfNu1T7JVxQIrUgOWtHdNDtPiywmFbiS12VjotIXLrKM3orQ=="
    "resolved" "https://registry.npmjs.org/cookie-signature/-/cookie-signature-1.0.6.tgz"
    "version" "1.0.6"
  
  "cookie@0.5.0":
    "integrity" "sha512-YZ3GUyn/o8gfKJlnlX7g7xq4gyO6OSuhGPKaaGssGB2qgDUS0gPgtTvoyZLTt9Ab6dC4hfc9dV5arkvc/OCmrw=="
    "resolved" "https://registry.npmjs.org/cookie/-/cookie-0.5.0.tgz"
    "version" "0.5.0"
  
  "debug@2.6.9":
    "integrity" "sha512-bC7ElrdJaJnPbAP+1EotYvqZsb3ecl5wi6Bfi6BJTUcNowp6cvspg0jXznRTKDjm/E7AdgFBVeAPVMNcKGsHMA=="
    "resolved" "https://registry.npmjs.org/debug/-/debug-2.6.9.tgz"
    "version" "2.6.9"
    dependencies:
      "ms" "2.0.0"
  
  "depd@2.0.0":
    "integrity" "sha512-g7nH6P6dyDioJogAAGprGpCtVImJhpPk/roCzdb3fIh61/s/nPsfR6onyMwkCAR/OlC3yBC0lESvUoQEAssIrw=="
    "resolved" "https://registry.npmjs.org/depd/-/depd-2.0.0.tgz"
    "version" "2.0.0"
  
  "destroy@1.2.0":
    "integrity" "sha512-2sJGJTaXIIaR1w4iJSNoN0hnMY7Gpc/n8D4qSCJw8QqFWXf7cuAgnEHxBpweaVcPevC2l3KpjYCx3NypQQgaJg=="
    "resolved" "https://registry.npmjs.org/destroy/-/destroy-1.2.0.tgz"
    "version" "1.2.0"
  
  "ee-first@1.1.1":
    "integrity" "sha512-WMwm9LhRUo+WUaRN+vRuETqG89IgZphVSNkdFgeb6sS/E4OrDIN7t48CAewSHXc6C8lefD8KKfr5vY61brQlow=="
    "resolved" "https://registry.npmjs.org/ee-first/-/ee-first-1.1.1.tgz"
    "version" "1.1.1"
  
  "electron-to-chromium@^1.4.202":
    "integrity" "sha512-FLs6R4FQE+1JHM0hh3sfdxnYjKvJpHZyhQDjc2qFq/xFvmmRt/TATNToZhrcGUFzpF2XjeiuozrA8lI0PZmYYw=="
    "resolved" "https://registry.npmjs.org/electron-to-chromium/-/electron-to-chromium-1.4.247.tgz"
    "version" "1.4.247"
  
  "encodeurl@~1.0.2":
    "integrity" "sha512-TPJXq8JqFaVYm2CWmPvnP2Iyo4ZSM7/QKcSmuMLDObfpH5fi7RUGmd/rTDf+rut/saiDiQEeVTNgAmJEdAOx0w=="
    "resolved" "https://registry.npmjs.org/encodeurl/-/encodeurl-1.0.2.tgz"
    "version" "1.0.2"
  
  "enhanced-resolve@^5.0.0", "enhanced-resolve@^5.10.0":
    "integrity" "sha512-T0yTFjdpldGY8PmuXXR0PyQ1ufZpEGiHVrp7zHKB7jdR4qlmZHhONVM5AQOAWXuF/w3dnHbEQVrNptJgt7F+cQ=="
    "resolved" "https://registry.npmjs.org/enhanced-resolve/-/enhanced-resolve-5.10.0.tgz"
    "version" "5.10.0"
    dependencies:
      "graceful-fs" "^4.2.4"
      "tapable" "^2.2.0"
  
  "es-module-lexer@^0.9.0":
    "integrity" "sha512-1HQ2M2sPtxwnvOvT1ZClHyQDiggdNjURWpY2we6aMKCQiUVxTmVs2UYPLIrD84sS+kMdUwfBSylbJPwNnBrnHQ=="
    "resolved" "https://registry.npmjs.org/es-module-lexer/-/es-module-lexer-0.9.3.tgz"
    "version" "0.9.3"
  
  "escalade@^3.1.1":
    "integrity" "sha512-k0er2gUkLf8O0zKJiAhmkTnJlTvINGv7ygDNPbeIsX/TJjGJZHuh9B2UxbsaEkmlEo9MfhrSzmhIlhRlI2GXnw=="
    "resolved" "https://registry.npmjs.org/escalade/-/escalade-3.1.1.tgz"
    "version" "3.1.1"
  
  "escape-html@~1.0.3":
    "integrity" "sha512-NiSupZ4OeuGwr68lGIeym/ksIZMJodUGOSCZ/FSnTxcrekbvqrgdUxlJOMpijaKZVjAJrWrGs/6Jy8OMuyj9ow=="
    "resolved" "https://registry.npmjs.org/escape-html/-/escape-html-1.0.3.tgz"
    "version" "1.0.3"
  
  "eslint-scope@5.1.1":
    "integrity" "sha512-2NxwbF/hZ0KpepYN0cNbo+FN6XoK7GaHlQhgx/hIZl6Va0bF45RQOOwhLIy8lQDbuCiadSLCBnH2CFYquit5bw=="
    "resolved" "https://registry.npmjs.org/eslint-scope/-/eslint-scope-5.1.1.tgz"
    "version" "5.1.1"
    dependencies:
      "esrecurse" "^4.3.0"
      "estraverse" "^4.1.1"
  
  "esrecurse@^4.3.0":
    "integrity" "sha512-KmfKL3b6G+RXvP8N1vr3Tq1kL/oCFgn2NYXEtqP8/L3pKapUA4G8cFVaoF3SU323CD4XypR/ffioHmkti6/Tag=="
    "resolved" "https://registry.npmjs.org/esrecurse/-/esrecurse-4.3.0.tgz"
    "version" "4.3.0"
    dependencies:
      "estraverse" "^5.2.0"
  
  "estraverse@^4.1.1":
    "integrity" "sha512-39nnKffWz8xN1BU/2c79n9nB9HDzo0niYUqx6xyqUnyoAnQyyWpOTdZEeiCch8BBu515t4wp9ZmgVfVhn9EBpw=="
    "resolved" "https://registry.npmjs.org/estraverse/-/estraverse-4.3.0.tgz"
    "version" "4.3.0"
  
  "estraverse@^5.2.0":
    "integrity" "sha512-MMdARuVEQziNTeJD8DgMqmhwR11BRQ/cBP+pLtYdSTnf3MIO8fFeiINEbX36ZdNlfU/7A9f3gUw49B3oQsvwBA=="
    "resolved" "https://registry.npmjs.org/estraverse/-/estraverse-5.3.0.tgz"
    "version" "5.3.0"
  
  "etag@~1.8.1":
    "integrity" "sha512-aIL5Fx7mawVa300al2BnEE4iNvo1qETxLrPI/o05L7z6go7fCw1J6EQmbK4FmJ2AS7kgVF/KEZWufBfdClMcPg=="
    "resolved" "https://registry.npmjs.org/etag/-/etag-1.8.1.tgz"
    "version" "1.8.1"
  
  "events@^3.2.0":
    "integrity" "sha512-mQw+2fkQbALzQ7V0MY0IqdnXNOeTtP4r0lN9z7AAawCXgqea7bDii20AYrIBrFd/Hx0M2Ocz6S111CaFkUcb0Q=="
    "resolved" "https://registry.npmjs.org/events/-/events-3.3.0.tgz"
    "version" "3.3.0"
  
  "express@^4.18.1":
    "integrity" "sha512-zZBcOX9TfehHQhtupq57OF8lFZ3UZi08Y97dwFCkD8p9d/d2Y3M+ykKcwaMDEL+4qyUolgBDX6AblpR3fL212Q=="
    "resolved" "https://registry.npmjs.org/express/-/express-4.18.1.tgz"
    "version" "4.18.1"
    dependencies:
      "accepts" "~1.3.8"
      "array-flatten" "1.1.1"
      "body-parser" "1.20.0"
      "content-disposition" "0.5.4"
      "content-type" "~1.0.4"
      "cookie" "0.5.0"
      "cookie-signature" "1.0.6"
      "debug" "2.6.9"
      "depd" "2.0.0"
      "encodeurl" "~1.0.2"
      "escape-html" "~1.0.3"
      "etag" "~1.8.1"
      "finalhandler" "1.2.0"
      "fresh" "0.5.2"
      "http-errors" "2.0.0"
      "merge-descriptors" "1.0.1"
      "methods" "~1.1.2"
      "on-finished" "2.4.1"
      "parseurl" "~1.3.3"
      "path-to-regexp" "0.1.7"
      "proxy-addr" "~2.0.7"
      "qs" "6.10.3"
      "range-parser" "~1.2.1"
      "safe-buffer" "5.2.1"
      "send" "0.18.0"
      "serve-static" "1.15.0"
      "setprototypeof" "1.2.0"
      "statuses" "2.0.1"
      "type-is" "~1.6.18"
      "utils-merge" "1.0.1"
      "vary" "~1.1.2"
  
  "fast-deep-equal@^3.1.1":
    "integrity" "sha512-f3qQ9oQy9j2AhBe/H9VC91wLmKBCCU/gDOnKNAYG5hswO7BLKj09Hc5HYNz9cGI++xlpDCIgDaitVs03ATR84Q=="
    "resolved" "https://registry.npmjs.org/fast-deep-equal/-/fast-deep-equal-3.1.3.tgz"
    "version" "3.1.3"
  
  "fast-json-stable-stringify@^2.0.0":
    "integrity" "sha512-lhd/wF+Lk98HZoTCtlVraHtfh5XYijIjalXck7saUtuanSDyLMxnHhSXEDJqHxD7msR8D0uCmqlkwjCV8xvwHw=="
    "resolved" "https://registry.npmjs.org/fast-json-stable-stringify/-/fast-json-stable-stringify-2.1.0.tgz"
    "version" "2.1.0"
  
  "fill-range@^7.0.1":
    "integrity" "sha512-qOo9F+dMUmC2Lcb4BbVvnKJxTPjCm+RRpe4gDuGrzkL7mEVl/djYSu2OdQ2Pa302N4oqkSg9ir6jaLWJ2USVpQ=="
    "resolved" "https://registry.npmjs.org/fill-range/-/fill-range-7.0.1.tgz"
    "version" "7.0.1"
    dependencies:
      "to-regex-range" "^5.0.1"
  
  "finalhandler@1.2.0":
    "integrity" "sha512-5uXcUVftlQMFnWC9qu/svkWv3GTd2PfUhK/3PLkYNAe7FbqJMt3515HaxE6eRL74GdsriiwujiawdaB1BpEISg=="
    "resolved" "https://registry.npmjs.org/finalhandler/-/finalhandler-1.2.0.tgz"
    "version" "1.2.0"
    dependencies:
      "debug" "2.6.9"
      "encodeurl" "~1.0.2"
      "escape-html" "~1.0.3"
      "on-finished" "2.4.1"
      "parseurl" "~1.3.3"
      "statuses" "2.0.1"
      "unpipe" "~1.0.0"
  
  "forwarded@0.2.0":
    "integrity" "sha512-buRG0fpBtRHSTCOASe6hD258tEubFoRLb4ZNA6NxMVHNw2gOcwHo9wyablzMzOA5z9xA9L1KNjk/Nt6MT9aYow=="
    "resolved" "https://registry.npmjs.org/forwarded/-/forwarded-0.2.0.tgz"
    "version" "0.2.0"
  
  "fresh@0.5.2":
    "integrity" "sha512-zJ2mQYM18rEFOudeV4GShTGIQ7RbzA7ozbU9I/XBpm7kqgMywgmylMwXHxZJmkVoYkna9d2pVXVXPdYTP9ej8Q=="
    "resolved" "https://registry.npmjs.org/fresh/-/fresh-0.5.2.tgz"
    "version" "0.5.2"
  
  "function-bind@^1.1.1":
    "integrity" "sha512-yIovAzMX49sF8Yl58fSCWJ5svSLuaibPxXQJFLmBObTuCr0Mf1KiPopGM9NiFjiYBCbfaa2Fh6breQ6ANVTI0A=="
    "resolved" "https://registry.npmjs.org/function-bind/-/function-bind-1.1.1.tgz"
    "version" "1.1.1"
  
  "get-intrinsic@^1.0.2":
    "integrity" "sha512-Jfm3OyCxHh9DJyc28qGk+JmfkpO41A4XkneDSujN9MDXrm4oDKdHvndhZ2dN94+ERNfkYJWDclW6k2L/ZGHjXA=="
    "resolved" "https://registry.npmjs.org/get-intrinsic/-/get-intrinsic-1.1.2.tgz"
    "version" "1.1.2"
    dependencies:
      "function-bind" "^1.1.1"
      "has" "^1.0.3"
      "has-symbols" "^1.0.3"
  
  "glob-to-regexp@^0.4.1":
    "integrity" "sha512-lkX1HJXwyMcprw/5YUZc2s7DrpAiHB21/V+E1rHUrVNokkvB6bqMzT0VfV6/86ZNabt1k14YOIaT7nDvOX3Iiw=="
    "resolved" "https://registry.npmjs.org/glob-to-regexp/-/glob-to-regexp-0.4.1.tgz"
    "version" "0.4.1"
  
  "graceful-fs@^4.1.2", "graceful-fs@^4.2.4", "graceful-fs@^4.2.9":
    "integrity" "sha512-9ByhssR2fPVsNZj478qUUbKfmL0+t5BDVyjShtyZZLiK7ZDAArFFfopyOTj0M05wE2tJPisA4iTnnXl2YoPvOA=="
    "resolved" "https://registry.npmjs.org/graceful-fs/-/graceful-fs-4.2.10.tgz"
    "version" "4.2.10"
  
  "has-flag@^4.0.0":
    "integrity" "sha512-EykJT/Q1KjTWctppgIAgfSO0tKVuZUjhgMr17kqTumMl6Afv3EISleU7qZUzoXDFTAHTDC4NOoG/ZxU3EvlMPQ=="
    "resolved" "https://registry.npmjs.org/has-flag/-/has-flag-4.0.0.tgz"
    "version" "4.0.0"
  
  "has-symbols@^1.0.3":
    "integrity" "sha512-l3LCuF6MgDNwTDKkdYGEihYjt5pRPbEg46rtlmnSPlUbgmB8LOIrKJbYYFBSbnPaJexMKtiPO8hmeRjRz2Td+A=="
    "resolved" "https://registry.npmjs.org/has-symbols/-/has-symbols-1.0.3.tgz"
    "version" "1.0.3"
  
  "has@^1.0.3":
    "integrity" "sha512-f2dvO0VU6Oej7RkWJGrehjbzMAjFp5/VKPp5tTpWIV4JHHZK1/BxbFRtf/siA2SWTe09caDmVtYYzWEIbBS4zw=="
    "resolved" "https://registry.npmjs.org/has/-/has-1.0.3.tgz"
    "version" "1.0.3"
    dependencies:
      "function-bind" "^1.1.1"
  
  "http-errors@2.0.0":
    "integrity" "sha512-FtwrG/euBzaEjYeRqOgly7G0qviiXoJWnvEH2Z1plBdXgbyjv34pHTSb9zoeHMyDy33+DWy5Wt9Wo+TURtOYSQ=="
    "resolved" "https://registry.npmjs.org/http-errors/-/http-errors-2.0.0.tgz"
    "version" "2.0.0"
    dependencies:
      "depd" "2.0.0"
      "inherits" "2.0.4"
      "setprototypeof" "1.2.0"
      "statuses" "2.0.1"
      "toidentifier" "1.0.1"
  
  "iconv-lite@0.4.24":
    "integrity" "sha512-v3MXnZAcvnywkTUEZomIActle7RXXeedOR31wwl7VlyoXO4Qi9arvSenNQWne1TcRwhCL1HwLI21bEqdpj8/rA=="
    "resolved" "https://registry.npmjs.org/iconv-lite/-/iconv-lite-0.4.24.tgz"
    "version" "0.4.24"
    dependencies:
      "safer-buffer" ">= 2.1.2 < 3"
  
  "inherits@2.0.4":
    "integrity" "sha512-k/vGaX4/Yla3WzyMCvTQOXYeIHvqOKtnqBduzTHpzpQZzAskKMhZ2K+EnBiSM9zGSoIFeMpXKxa4dYeZIQqewQ=="
    "resolved" "https://registry.npmjs.org/inherits/-/inherits-2.0.4.tgz"
    "version" "2.0.4"
  
  "ipaddr.js@1.9.1":
    "integrity" "sha512-0KI/607xoxSToH7GjN1FfSbLoU0+btTicjsQSWQlh/hZykN8KpmMf7uYwPW3R+akZ6R/w18ZlXSHBYXiYUPO3g=="
    "resolved" "https://registry.npmjs.org/ipaddr.js/-/ipaddr.js-1.9.1.tgz"
    "version" "1.9.1"
  
  "is-number@^7.0.0":
    "integrity" "sha512-41Cifkg6e8TylSpdtTpeLVMqvSBEVzTttHvERD741+pnZ8ANv0004MRL43QKPDlK9cGvNp6NZWZUBlbGXYxxng=="
    "resolved" "https://registry.npmjs.org/is-number/-/is-number-7.0.0.tgz"
    "version" "7.0.0"
  
  "jest-worker@^27.4.5":
    "integrity" "sha512-7vuh85V5cdDofPyxn58nrPjBktZo0u9x1g8WtjQol+jZDaE+fhN+cIvTj11GndBnMnyfrUOG1sZQxCdjKh+DKg=="
    "resolved" "https://registry.npmjs.org/jest-worker/-/jest-worker-27.5.1.tgz"
    "version" "27.5.1"
    dependencies:
      "@types/node" "*"
      "merge-stream" "^2.0.0"
      "supports-color" "^8.0.0"
  
  "json-parse-even-better-errors@^2.3.1":
    "integrity" "sha512-xyFwyhro/JEof6Ghe2iz2NcXoj2sloNsWr/XsERDK/oiPCfaNhl5ONfp+jQdAZRQQ0IJWNzH9zIZF7li91kh2w=="
    "resolved" "https://registry.npmjs.org/json-parse-even-better-errors/-/json-parse-even-better-errors-2.3.1.tgz"
    "version" "2.3.1"
  
  "json-schema-traverse@^0.4.1":
    "integrity" "sha512-xbbCH5dCYU5T8LcEhhuh7HJ88HXuW3qsI3Y0zOZFKfZEHcpWiHU/Jxzk629Brsab/mMiHQti9wMP+845RPe3Vg=="
    "resolved" "https://registry.npmjs.org/json-schema-traverse/-/json-schema-traverse-0.4.1.tgz"
    "version" "0.4.1"
  
  "loader-runner@^4.2.0":
    "integrity" "sha512-3R/1M+yS3j5ou80Me59j7F9IMs4PXs3VqRrm0TU3AbKPxlmpoY1TNscJV/oGJXo8qCatFGTfDbY6W6ipGOYXfg=="
    "resolved" "https://registry.npmjs.org/loader-runner/-/loader-runner-4.3.0.tgz"
    "version" "4.3.0"
  
  "lru-cache@^6.0.0":
    "integrity" "sha512-Jo6dJ04CmSjuznwJSS3pUeWmd/H0ffTlkXXgwZi+eq1UCmqQwCh+eLsYOYCwY991i2Fah4h1BEMCx4qThGbsiA=="
    "resolved" "https://registry.npmjs.org/lru-cache/-/lru-cache-6.0.0.tgz"
    "version" "6.0.0"
    dependencies:
      "yallist" "^4.0.0"
  
  "media-typer@0.3.0":
    "integrity" "sha512-dq+qelQ9akHpcOl/gUVRTxVIOkAJ1wR3QAvb4RsVjS8oVoFjDGTc679wJYmUmknUF5HwMLOgb5O+a3KxfWapPQ=="
    "resolved" "https://registry.npmjs.org/media-typer/-/media-typer-0.3.0.tgz"
    "version" "0.3.0"
  
  "merge-descriptors@1.0.1":
    "integrity" "sha512-cCi6g3/Zr1iqQi6ySbseM1Xvooa98N0w31jzUYrXPX2xqObmFGHJ0tQ5u74H3mVh7wLouTseZyYIq39g8cNp1w=="
    "resolved" "https://registry.npmjs.org/merge-descriptors/-/merge-descriptors-1.0.1.tgz"
    "version" "1.0.1"
  
  "merge-stream@^2.0.0":
    "integrity" "sha512-abv/qOcuPfk3URPfDzmZU1LKmuw8kT+0nIHvKrKgFrwifol/doWcdA4ZqsWQ8ENrFKkd67Mfpo/LovbIUsbt3w=="
    "resolved" "https://registry.npmjs.org/merge-stream/-/merge-stream-2.0.0.tgz"
    "version" "2.0.0"
  
  "methods@~1.1.2":
    "integrity" "sha512-iclAHeNqNm68zFtnZ0e+1L2yUIdvzNoauKU4WBA3VvH/vPFieF7qfRlwUZU+DA9P9bPXIS90ulxoUoCH23sV2w=="
    "resolved" "https://registry.npmjs.org/methods/-/methods-1.1.2.tgz"
    "version" "1.1.2"
  
  "micromatch@^4.0.0":
    "integrity" "sha512-DMy+ERcEW2q8Z2Po+WNXuw3c5YaUSFjAO5GsJqfEl7UjvtIuFKO6ZrKvcItdy98dwFI2N1tg3zNIdKaQT+aNdA=="
    "resolved" "https://registry.npmjs.org/micromatch/-/micromatch-4.0.5.tgz"
    "version" "4.0.5"
    dependencies:
      "braces" "^3.0.2"
      "picomatch" "^2.3.1"
  
  "mime-db@1.52.0":
    "integrity" "sha512-sPU4uV7dYlvtWJxwwxHD0PuihVNiE7TyAbQ5SWxDCB9mUYvOgroQOwYQQOKPJ8CIbE+1ETVlOoK1UC2nU3gYvg=="
    "resolved" "https://registry.npmjs.org/mime-db/-/mime-db-1.52.0.tgz"
    "version" "1.52.0"
  
  "mime-types@^2.1.27", "mime-types@~2.1.24", "mime-types@~2.1.34":
    "integrity" "sha512-ZDY+bPm5zTTF+YpCrAU9nK0UgICYPT0QtT1NZWFv4s++TNkcgVaT0g6+4R2uI4MjQjzysHB1zxuWL50hzaeXiw=="
    "resolved" "https://registry.npmjs.org/mime-types/-/mime-types-2.1.35.tgz"
    "version" "2.1.35"
    dependencies:
      "mime-db" "1.52.0"
  
  "mime@1.6.0":
    "integrity" "sha512-x0Vn8spI+wuJ1O6S7gnbaQg8Pxh4NNHb7KSINmEWKiPE4RKOplvijn+NkmYmmRgP68mc70j2EbeTFRsrswaQeg=="
    "resolved" "https://registry.npmjs.org/mime/-/mime-1.6.0.tgz"
    "version" "1.6.0"
  
  "ms@2.0.0":
    "integrity" "sha512-Tpp60P6IUJDTuOq/5Z8cdskzJujfwqfOTkrwIwj7IRISpnkJnT6SyJ4PCPnGMoFjC9ddhal5KVIYtAt97ix05A=="
    "resolved" "https://registry.npmjs.org/ms/-/ms-2.0.0.tgz"
    "version" "2.0.0"
  
  "ms@2.1.3":
    "integrity" "sha512-6FlzubTLZG3J2a/NVCAleEhjzq5oxgHyaCU9yYXvcLsvoVaHJq/s5xXI6/XXP6tz7R9xAOtHnSO/tXtF3WRTlA=="
    "resolved" "https://registry.npmjs.org/ms/-/ms-2.1.3.tgz"
    "version" "2.1.3"
  
  "negotiator@0.6.3":
    "integrity" "sha512-+EUsqGPLsM+j/zdChZjsnX51g4XrHFOIXwfnCVPGlQk/k5giakcKsuxCObBRu6DSm9opw/O6slWbJdghQM4bBg=="
    "resolved" "https://registry.npmjs.org/negotiator/-/negotiator-0.6.3.tgz"
    "version" "0.6.3"
  
  "neo-async@^2.6.2":
    "integrity" "sha512-Yd3UES5mWCSqR+qNT93S3UoYUkqAZ9lLg8a7g9rimsWmYGK8cVToA4/sF3RrshdyV3sAGMXVUmpMYOw+dLpOuw=="
    "resolved" "https://registry.npmjs.org/neo-async/-/neo-async-2.6.2.tgz"
    "version" "2.6.2"
  
  "node-releases@^2.0.6":
    "integrity" "sha512-PiVXnNuFm5+iYkLBNeq5211hvO38y63T0i2KKh2KnUs3RpzJ+JtODFjkD8yjLwnDkTYF1eKXheUwdssR+NRZdg=="
    "resolved" "https://registry.npmjs.org/node-releases/-/node-releases-2.0.6.tgz"
    "version" "2.0.6"
  
  "object-inspect@^1.9.0":
    "integrity" "sha512-z+cPxW0QGUp0mcqcsgQyLVRDoXFQbXOwBaqyF7VIgI4TWNQsDHrBpUQslRmIfAoYWdYzs6UlKJtB2XJpTaNSpQ=="
    "resolved" "https://registry.npmjs.org/object-inspect/-/object-inspect-1.12.2.tgz"
    "version" "1.12.2"
  
  "on-finished@2.4.1":
    "integrity" "sha512-oVlzkg3ENAhCk2zdv7IJwd/QUD4z2RxRwpkcGY8psCVcCYZNq4wYnVWALHM+brtuJjePWiYF/ClmuDr8Ch5+kg=="
    "resolved" "https://registry.npmjs.org/on-finished/-/on-finished-2.4.1.tgz"
    "version" "2.4.1"
    dependencies:
      "ee-first" "1.1.1"
  
  "parseurl@~1.3.3":
    "integrity" "sha512-CiyeOxFT/JZyN5m0z9PfXw4SCBJ6Sygz1Dpl0wqjlhDEGGBP1GnsUVEL0p63hoG1fcj3fHynXi9NYO4nWOL+qQ=="
    "resolved" "https://registry.npmjs.org/parseurl/-/parseurl-1.3.3.tgz"
    "version" "1.3.3"
  
  "path-to-regexp@0.1.7":
    "integrity" "sha512-5DFkuoqlv1uYQKxy8omFBeJPQcdoE07Kv2sferDCrAq1ohOU+MSDswDIbnx3YAM60qIOnYa53wBhXW0EbMonrQ=="
    "resolved" "https://registry.npmjs.org/path-to-regexp/-/path-to-regexp-0.1.7.tgz"
    "version" "0.1.7"
  
  "picocolors@^1.0.0":
    "integrity" "sha512-1fygroTLlHu66zi26VoTDv8yRgm0Fccecssto+MhsZ0D/DGW2sm8E8AjW7NU5VVTRt5GxbeZ5qBuJr+HyLYkjQ=="
    "resolved" "https://registry.npmjs.org/picocolors/-/picocolors-1.0.0.tgz"
    "version" "1.0.0"
  
  "picomatch@^2.3.1":
    "integrity" "sha512-JU3teHTNjmE2VCGFzuY8EXzCDVwEqB2a8fsIvwaStHhAWJEeVd1o1QD80CU6+ZdEXXSLbSsuLwJjkCBWqRQUVA=="
    "resolved" "https://registry.npmjs.org/picomatch/-/picomatch-2.3.1.tgz"
    "version" "2.3.1"
  
  "proxy-addr@~2.0.7":
    "integrity" "sha512-llQsMLSUDUPT44jdrU/O37qlnifitDP+ZwrmmZcoSKyLKvtZxpyV0n2/bD/N4tBAAZ/gJEdZU7KMraoK1+XYAg=="
    "resolved" "https://registry.npmjs.org/proxy-addr/-/proxy-addr-2.0.7.tgz"
    "version" "2.0.7"
    dependencies:
      "forwarded" "0.2.0"
      "ipaddr.js" "1.9.1"
  
  "punycode@^2.1.0":
    "integrity" "sha512-XRsRjdf+j5ml+y/6GKHPZbrF/8p2Yga0JPtdqTIY2Xe5ohJPD9saDJJLPvp9+NSBprVvevdXZybnj2cv8OEd0A=="
    "resolved" "https://registry.npmjs.org/punycode/-/punycode-2.1.1.tgz"
    "version" "2.1.1"
  
  "qs@6.10.3":
    "integrity" "sha512-wr7M2E0OFRfIfJZjKGieI8lBKb7fRCH4Fv5KNPEs7gJ8jadvotdsS08PzOKR7opXhZ/Xkjtt3WF9g38drmyRqQ=="
    "resolved" "https://registry.npmjs.org/qs/-/qs-6.10.3.tgz"
    "version" "6.10.3"
    dependencies:
      "side-channel" "^1.0.4"
  
  "randombytes@^2.1.0":
    "integrity" "sha512-vYl3iOX+4CKUWuxGi9Ukhie6fsqXqS9FE2Zaic4tNFD2N2QQaXOMFbuKK4QmDHC0JO6B1Zp41J0LpT0oR68amQ=="
    "resolved" "https://registry.npmjs.org/randombytes/-/randombytes-2.1.0.tgz"
    "version" "2.1.0"
    dependencies:
      "safe-buffer" "^5.1.0"
  
  "range-parser@~1.2.1":
    "integrity" "sha512-Hrgsx+orqoygnmhFbKaHE6c296J+HTAQXoxEF6gNupROmmGJRoyzfG3ccAveqCBrwr/2yxQ5BVd/GTl5agOwSg=="
    "resolved" "https://registry.npmjs.org/range-parser/-/range-parser-1.2.1.tgz"
    "version" "1.2.1"
  
  "raw-body@2.5.1":
    "integrity" "sha512-qqJBtEyVgS0ZmPGdCFPWJ3FreoqvG4MVQln/kCgF7Olq95IbOp0/BWyMwbdtn4VTvkM8Y7khCQ2Xgk/tcrCXig=="
    "resolved" "https://registry.npmjs.org/raw-body/-/raw-body-2.5.1.tgz"
    "version" "2.5.1"
    dependencies:
      "bytes" "3.1.2"
      "http-errors" "2.0.0"
      "iconv-lite" "0.4.24"
      "unpipe" "1.0.0"
  
  "safe-buffer@^5.1.0", "safe-buffer@5.2.1":
    "integrity" "sha512-rp3So07KcdmmKbGvgaNxQSJr7bGVSVk5S9Eq1F+ppbRo70+YeaDxkw5Dd8NPN+GD6bjnYm2VuPuCXmpuYvmCXQ=="
    "resolved" "https://registry.npmjs.org/safe-buffer/-/safe-buffer-5.2.1.tgz"
    "version" "5.2.1"
  
  "safer-buffer@>= 2.1.2 < 3":
    "integrity" "sha512-YZo3K82SD7Riyi0E1EQPojLz7kpepnSQI9IyPbHHg1XXXevb5dJI7tpyN2ADxGcQbHG7vcyRHk0cbwqcQriUtg=="
    "resolved" "https://registry.npmjs.org/safer-buffer/-/safer-buffer-2.1.2.tgz"
    "version" "2.1.2"
  
  "schema-utils@^3.1.0", "schema-utils@^3.1.1":
    "integrity" "sha512-Y5PQxS4ITlC+EahLuXaY86TXfR7Dc5lw294alXOq86JAHCihAIZfqv8nNCWvaEJvaC51uN9hbLGeV0cFBdH+Fw=="
    "resolved" "https://registry.npmjs.org/schema-utils/-/schema-utils-3.1.1.tgz"
    "version" "3.1.1"
    dependencies:
      "@types/json-schema" "^7.0.8"
      "ajv" "^6.12.5"
      "ajv-keywords" "^3.5.2"
  
  "semver@^7.3.4":
    "integrity" "sha512-QlYTucUYOews+WeEujDoEGziz4K6c47V/Bd+LjSSYcA94p+DmINdf7ncaUinThfvZyu13lN9OY1XDxt8C0Tw0g=="
    "resolved" "https://registry.npmjs.org/semver/-/semver-7.3.7.tgz"
    "version" "7.3.7"
    dependencies:
      "lru-cache" "^6.0.0"
  
  "send@0.18.0":
    "integrity" "sha512-qqWzuOjSFOuqPjFe4NOsMLafToQQwBSOEpS+FwEt3A2V3vKubTquT3vmLTQpFgMXp8AlFWFuP1qKaJZOtPpVXg=="
    "resolved" "https://registry.npmjs.org/send/-/send-0.18.0.tgz"
    "version" "0.18.0"
    dependencies:
      "debug" "2.6.9"
      "depd" "2.0.0"
      "destroy" "1.2.0"
      "encodeurl" "~1.0.2"
      "escape-html" "~1.0.3"
      "etag" "~1.8.1"
      "fresh" "0.5.2"
      "http-errors" "2.0.0"
      "mime" "1.6.0"
      "ms" "2.1.3"
      "on-finished" "2.4.1"
      "range-parser" "~1.2.1"
      "statuses" "2.0.1"
  
  "serialize-javascript@^6.0.0":
    "integrity" "sha512-Qr3TosvguFt8ePWqsvRfrKyQXIiW+nGbYpy8XK24NQHE83caxWt+mIymTT19DGFbNWNLfEwsrkSmN64lVWB9ag=="
    "resolved" "https://registry.npmjs.org/serialize-javascript/-/serialize-javascript-6.0.0.tgz"
    "version" "6.0.0"
    dependencies:
      "randombytes" "^2.1.0"
  
  "serve-static@1.15.0":
    "integrity" "sha512-XGuRDNjXUijsUL0vl6nSD7cwURuzEgglbOaFuZM9g3kwDXOWVTck0jLzjPzGD+TazWbboZYu52/9/XPdUgne9g=="
    "resolved" "https://registry.npmjs.org/serve-static/-/serve-static-1.15.0.tgz"
    "version" "1.15.0"
    dependencies:
      "encodeurl" "~1.0.2"
      "escape-html" "~1.0.3"
      "parseurl" "~1.3.3"
      "send" "0.18.0"
  
  "setprototypeof@1.2.0":
    "integrity" "sha512-E5LDX7Wrp85Kil5bhZv46j8jOeboKq5JMmYM3gVGdGH8xFpPWXUMsNrlODCrkoxMEeNi/XZIwuRvY4XNwYMJpw=="
    "resolved" "https://registry.npmjs.org/setprototypeof/-/setprototypeof-1.2.0.tgz"
    "version" "1.2.0"
  
  "side-channel@^1.0.4":
    "integrity" "sha512-q5XPytqFEIKHkGdiMIrY10mvLRvnQh42/+GoBlFW3b2LXLE2xxJpZFdm94we0BaoV3RwJyGqg5wS7epxTv0Zvw=="
    "resolved" "https://registry.npmjs.org/side-channel/-/side-channel-1.0.4.tgz"
    "version" "1.0.4"
    dependencies:
      "call-bind" "^1.0.0"
      "get-intrinsic" "^1.0.2"
      "object-inspect" "^1.9.0"
  
  "source-map-support@~0.5.20":
    "integrity" "sha512-uBHU3L3czsIyYXKX88fdrGovxdSCoTGDRZ6SYXtSRxLZUzHg5P/66Ht6uoUlHu9EZod+inXhKo3qQgwXUT/y1w=="
    "resolved" "https://registry.npmjs.org/source-map-support/-/source-map-support-0.5.21.tgz"
    "version" "0.5.21"
    dependencies:
      "buffer-from" "^1.0.0"
      "source-map" "^0.6.0"
  
  "source-map@^0.6.0":
    "integrity" "sha512-UjgapumWlbMhkBgzT7Ykc5YXUT46F0iKu8SGXq0bcwP5dz/h0Plj6enJqjz1Zbq2l5WaqYnrVbwWOWMyF3F47g=="
    "resolved" "https://registry.npmjs.org/source-map/-/source-map-0.6.1.tgz"
    "version" "0.6.1"
  
  "statuses@2.0.1":
    "integrity" "sha512-RwNA9Z/7PrK06rYLIzFMlaF+l73iwpzsqRIFgbMLbTcLD6cOao82TaWefPXQvB2fOC4AjuYSEndS7N/mTCbkdQ=="
    "resolved" "https://registry.npmjs.org/statuses/-/statuses-2.0.1.tgz"
    "version" "2.0.1"
  
  "supports-color@^7.1.0":
    "integrity" "sha512-qpCAvRl9stuOHveKsn7HncJRvv501qIacKzQlO/+Lwxc9+0q2wLyv4Dfvt80/DPn2pqOBsJdDiogXGR9+OvwRw=="
    "resolved" "https://registry.npmjs.org/supports-color/-/supports-color-7.2.0.tgz"
    "version" "7.2.0"
    dependencies:
      "has-flag" "^4.0.0"
  
  "supports-color@^8.0.0":
    "integrity" "sha512-MpUEN2OodtUzxvKQl72cUF7RQ5EiHsGvSsVG0ia9c5RbWGL2CI4C7EpPS8UTBIplnlzZiNuV56w+FuNxy3ty2Q=="
    "resolved" "https://registry.npmjs.org/supports-color/-/supports-color-8.1.1.tgz"
    "version" "8.1.1"
    dependencies:
      "has-flag" "^4.0.0"
  
  "tapable@^2.1.1", "tapable@^2.2.0":
    "integrity" "sha512-GNzQvQTOIP6RyTfE2Qxb8ZVlNmw0n88vp1szwWRimP02mnTsx3Wtn5qRdqY9w2XduFNUgvOwhNnQsjwCp+kqaQ=="
    "resolved" "https://registry.npmjs.org/tapable/-/tapable-2.2.1.tgz"
    "version" "2.2.1"
  
  "terser-webpack-plugin@^5.1.3":
    "integrity" "sha512-kfLFk+PoLUQIbLmB1+PZDMRSZS99Mp+/MHqDNmMA6tOItzRt+Npe3E+fsMs5mfcM0wCtrrdU387UnV+vnSffXQ=="
    "resolved" "https://registry.npmjs.org/terser-webpack-plugin/-/terser-webpack-plugin-5.3.6.tgz"
    "version" "5.3.6"
    dependencies:
      "@jridgewell/trace-mapping" "^0.3.14"
      "jest-worker" "^27.4.5"
      "schema-utils" "^3.1.1"
      "serialize-javascript" "^6.0.0"
      "terser" "^5.14.1"
  
  "terser@^5.14.1":
    "integrity" "sha512-L1BJiXVmheAQQy+as0oF3Pwtlo4s3Wi1X2zNZ2NxOB4wx9bdS9Vk67XQENLFdLYGCK/Z2di53mTj/hBafR+dTA=="
    "resolved" "https://registry.npmjs.org/terser/-/terser-5.15.0.tgz"
    "version" "5.15.0"
    dependencies:
      "@jridgewell/source-map" "^0.3.2"
      "acorn" "^8.5.0"
      "commander" "^2.20.0"
      "source-map-support" "~0.5.20"
  
  "to-regex-range@^5.0.1":
    "integrity" "sha512-65P7iz6X5yEr1cwcgvQxbbIw7Uk3gOy5dIdtZ4rDveLqhrdJP+Li/Hx6tyK0NEb+2GCyneCMJiGqrADCSNk8sQ=="
    "resolved" "https://registry.npmjs.org/to-regex-range/-/to-regex-range-5.0.1.tgz"
    "version" "5.0.1"
    dependencies:
      "is-number" "^7.0.0"
  
  "toidentifier@1.0.1":
    "integrity" "sha512-o5sSPKEkg/DIQNmH43V0/uerLrpzVedkUh8tGNvaeXpfpuwjKenlSox/2O/BTlZUtEe+JG7s5YhEz608PlAHRA=="
    "resolved" "https://registry.npmjs.org/toidentifier/-/toidentifier-1.0.1.tgz"
    "version" "1.0.1"
  
  "ts-loader@^9.3.1":
    "integrity" "sha512-OkyShkcZTsTwyS3Kt7a4rsT/t2qvEVQuKCTg4LJmpj9fhFR7ukGdZwV6Qq3tRUkqcXtfGpPR7+hFKHCG/0d3Lw=="
    "resolved" "https://registry.npmjs.org/ts-loader/-/ts-loader-9.3.1.tgz"
    "version" "9.3.1"
    dependencies:
      "chalk" "^4.1.0"
      "enhanced-resolve" "^5.0.0"
      "micromatch" "^4.0.0"
      "semver" "^7.3.4"
  
  "type-is@~1.6.18":
    "integrity" "sha512-TkRKr9sUTxEH8MdfuCSP7VizJyzRNMjj2J2do2Jr3Kym598JVdEksuzPQCnlFPW4ky9Q+iA+ma9BGm06XQBy8g=="
    "resolved" "https://registry.npmjs.org/type-is/-/type-is-1.6.18.tgz"
    "version" "1.6.18"
    dependencies:
      "media-typer" "0.3.0"
      "mime-types" "~2.1.24"
  
  "typescript@*", "typescript@^4.8.3":
    "integrity" "sha512-goMHfm00nWPa8UvR/CPSvykqf6dVV8x/dp0c5mFTMTIu0u0FlGWRioyy7Nn0PGAdHxpJZnuO/ut+PpQ8UiHAig=="
    "resolved" "https://registry.npmjs.org/typescript/-/typescript-4.8.3.tgz"
    "version" "4.8.3"
  
  "unpipe@~1.0.0", "unpipe@1.0.0":
    "integrity" "sha512-pjy2bYhSsufwWlKwPc+l3cN7+wuJlK6uz0YdJEOlQDbl6jo/YlPi4mb8agUkVC8BF7V8NuzeyPNqRksA3hztKQ=="
    "resolved" "https://registry.npmjs.org/unpipe/-/unpipe-1.0.0.tgz"
    "version" "1.0.0"
  
  "update-browserslist-db@^1.0.5":
    "integrity" "sha512-iN/XYesmZ2RmmWAiI4Z5rq0YqSiv0brj9Ce9CfhNE4xIW2h+MFxcgkxIzZ+ShkFPUkjU3gQ+3oypadD3RAMtrg=="
    "resolved" "https://registry.npmjs.org/update-browserslist-db/-/update-browserslist-db-1.0.7.tgz"
    "version" "1.0.7"
    dependencies:
      "escalade" "^3.1.1"
      "picocolors" "^1.0.0"
  
  "uri-js@^4.2.2":
    "integrity" "sha512-7rKUyy33Q1yc98pQ1DAmLtwX109F7TIfWlW1Ydo8Wl1ii1SeHieeh0HHfPeL2fMXK6z0s8ecKs9frCuLJvndBg=="
    "resolved" "https://registry.npmjs.org/uri-js/-/uri-js-4.4.1.tgz"
    "version" "4.4.1"
    dependencies:
      "punycode" "^2.1.0"
  
  "utils-merge@1.0.1":
    "integrity" "sha512-pMZTvIkT1d+TFGvDOqodOclx0QWkkgi6Tdoa8gC8ffGAAqz9pzPTZWAybbsHHoED/ztMtkv/VoYTYyShUn81hA=="
    "resolved" "https://registry.npmjs.org/utils-merge/-/utils-merge-1.0.1.tgz"
    "version" "1.0.1"
  
  "vary@~1.1.2":
    "integrity" "sha512-BNGbWLfd0eUPabhkXUVm0j8uuvREyTh5ovRa/dyow/BqAbZJyC+5fU+IzQOzmAKzYqYRAISoRhdQr3eIZ/PXqg=="
    "resolved" "https://registry.npmjs.org/vary/-/vary-1.1.2.tgz"
    "version" "1.1.2"
  
  "watchpack@^2.4.0":
    "integrity" "sha512-Lcvm7MGST/4fup+ifyKi2hjyIAwcdI4HRgtvTpIUxBRhB+RFtUh8XtDOxUfctVCnhVi+QQj49i91OyvzkJl6cg=="
    "resolved" "https://registry.npmjs.org/watchpack/-/watchpack-2.4.0.tgz"
    "version" "2.4.0"
    dependencies:
      "glob-to-regexp" "^0.4.1"
      "graceful-fs" "^4.1.2"
  
  "webpack-sources@^3.2.3":
    "integrity" "sha512-/DyMEOrDgLKKIG0fmvtz+4dUX/3Ghozwgm6iPp8KRhvn+eQf9+Q7GWxVNMk3+uCPWfdXYC4ExGBckIXdFEfH1w=="
    "resolved" "https://registry.npmjs.org/webpack-sources/-/webpack-sources-3.2.3.tgz"
    "version" "3.2.3"
  
  "webpack@^5.0.0", "webpack@^5.1.0":
    "integrity" "sha512-A2InDwnhhGN4LYctJj6M1JEaGL7Luj6LOmyBHjcI8529cm5p6VXiTIW2sn6ffvEAKmveLzvu4jrihwXtPojlAA=="
    "resolved" "https://registry.npmjs.org/webpack/-/webpack-5.74.0.tgz"
    "version" "5.74.0"
    dependencies:
      "@types/eslint-scope" "^3.7.3"
      "@types/estree" "^0.0.51"
      "@webassemblyjs/ast" "1.11.1"
      "@webassemblyjs/wasm-edit" "1.11.1"
      "@webassemblyjs/wasm-parser" "1.11.1"
      "acorn" "^8.7.1"
      "acorn-import-assertions" "^1.7.6"
      "browserslist" "^4.14.5"
      "chrome-trace-event" "^1.0.2"
      "enhanced-resolve" "^5.10.0"
      "es-module-lexer" "^0.9.0"
      "eslint-scope" "5.1.1"
      "events" "^3.2.0"
      "glob-to-regexp" "^0.4.1"
      "graceful-fs" "^4.2.9"
      "json-parse-even-better-errors" "^2.3.1"
      "loader-runner" "^4.2.0"
      "mime-types" "^2.1.27"
      "neo-async" "^2.6.2"
      "schema-utils" "^3.1.0"
      "tapable" "^2.1.1"
      "terser-webpack-plugin" "^5.1.3"
      "watchpack" "^2.4.0"
      "webpack-sources" "^3.2.3"
  
  "yallist@^4.0.0":
    "integrity" "sha512-3wdGidZyq5PB084XLES5TpOSRA3wjXAlIWMhum2kRcv/41Sn2emQ0dycQW4uZXLejwKvg6EsvbdlVL+FYEct7A=="
    "resolved" "https://registry.npmjs.org/yallist/-/yallist-4.0.0.tgz"
    "version" "4.0.0"
